2019-06-18 12:03:40,757 ----------------------------------------------------------------------------------------------------
2019-06-18 12:03:40,760 Evaluation method: MICRO_F1_SCORE
2019-06-18 12:03:41,176 ----------------------------------------------------------------------------------------------------
2019-06-18 12:03:42,384 epoch 1 - iter 0/294 - loss 38.84844589
2019-06-18 12:04:04,411 epoch 1 - iter 29/294 - loss 8.38837399
2019-06-18 12:04:29,011 epoch 1 - iter 58/294 - loss 6.40278523
2019-06-18 12:04:54,647 epoch 1 - iter 87/294 - loss 5.80478829
2019-06-18 12:05:14,303 epoch 1 - iter 116/294 - loss 5.21765994
2019-06-18 12:05:36,970 epoch 1 - iter 145/294 - loss 4.93976590
2019-06-18 12:05:59,074 epoch 1 - iter 174/294 - loss 4.72123046
2019-06-18 12:06:20,514 epoch 1 - iter 203/294 - loss 4.59429673
2019-06-18 12:06:42,246 epoch 1 - iter 232/294 - loss 4.40047107
2019-06-18 12:07:06,832 epoch 1 - iter 261/294 - loss 4.29711379
2019-06-18 12:07:26,803 epoch 1 - iter 290/294 - loss 4.16585336
2019-06-18 12:07:29,138 ----------------------------------------------------------------------------------------------------
2019-06-18 12:07:29,142 EPOCH 1 done: loss 4.1445 - lr 0.1000 - bad epochs 0
2019-06-18 12:07:45,092 DEV : loss 3.0214154720306396 - score 0.0
2019-06-18 12:08:26,466 TEST : loss 3.417858839035034 - score 0.0
2019-06-18 12:08:26,506 ----------------------------------------------------------------------------------------------------
2019-06-18 12:08:27,739 epoch 2 - iter 0/294 - loss 3.29478931
2019-06-18 12:08:47,862 epoch 2 - iter 29/294 - loss 2.76492554
2019-06-18 12:09:09,498 epoch 2 - iter 58/294 - loss 2.78014389
2019-06-18 12:09:29,542 epoch 2 - iter 87/294 - loss 2.89385094
2019-06-18 12:09:51,171 epoch 2 - iter 116/294 - loss 2.86365982
2019-06-18 12:10:14,121 epoch 2 - iter 145/294 - loss 2.79709738
2019-06-18 12:10:36,433 epoch 2 - iter 174/294 - loss 2.80281574
2019-06-18 12:11:00,564 epoch 2 - iter 203/294 - loss 2.89350720
2019-06-18 12:11:21,885 epoch 2 - iter 232/294 - loss 2.84905203
2019-06-18 12:11:46,386 epoch 2 - iter 261/294 - loss 2.82566652
2019-06-18 12:12:09,199 epoch 2 - iter 290/294 - loss 2.80781010
2019-06-18 12:12:11,559 ----------------------------------------------------------------------------------------------------
2019-06-18 12:12:11,564 EPOCH 2 done: loss 2.8003 - lr 0.1000 - bad epochs 0
2019-06-18 12:12:25,386 DEV : loss 2.3684444427490234 - score 0.0
2019-06-18 12:13:06,698 TEST : loss 2.6779158115386963 - score 0.0
2019-06-18 12:13:06,734 ----------------------------------------------------------------------------------------------------
2019-06-18 12:13:09,356 epoch 3 - iter 0/294 - loss 3.65149117
2019-06-18 12:13:29,614 epoch 3 - iter 29/294 - loss 2.35322972
2019-06-18 12:13:51,570 epoch 3 - iter 58/294 - loss 2.40981519
2019-06-18 12:14:17,493 epoch 3 - iter 87/294 - loss 2.47248638
2019-06-18 12:14:39,809 epoch 3 - iter 116/294 - loss 2.45690737
2019-06-18 12:15:01,675 epoch 3 - iter 145/294 - loss 2.39421199
2019-06-18 12:15:22,587 epoch 3 - iter 174/294 - loss 2.36089504
2019-06-18 12:15:43,492 epoch 3 - iter 203/294 - loss 2.34365947
2019-06-18 12:16:05,722 epoch 3 - iter 232/294 - loss 2.34286293
2019-06-18 12:16:27,904 epoch 3 - iter 261/294 - loss 2.33201934
2019-06-18 12:16:47,976 epoch 3 - iter 290/294 - loss 2.32265492
2019-06-18 12:16:50,622 ----------------------------------------------------------------------------------------------------
2019-06-18 12:16:50,626 EPOCH 3 done: loss 2.3211 - lr 0.1000 - bad epochs 1
2019-06-18 12:17:04,386 DEV : loss 1.9438717365264893 - score 0.0
2019-06-18 12:17:46,795 TEST : loss 2.209594488143921 - score 0.008
2019-06-18 12:17:46,831 ----------------------------------------------------------------------------------------------------
2019-06-18 12:17:48,038 epoch 4 - iter 0/294 - loss 1.07670093
2019-06-18 12:18:09,891 epoch 4 - iter 29/294 - loss 2.13559583
2019-06-18 12:18:34,556 epoch 4 - iter 58/294 - loss 2.19765844
2019-06-18 12:18:54,562 epoch 4 - iter 87/294 - loss 2.11619445
2019-06-18 12:19:16,137 epoch 4 - iter 116/294 - loss 2.15011623
2019-06-18 12:19:37,688 epoch 4 - iter 145/294 - loss 2.11686148
2019-06-18 12:19:58,731 epoch 4 - iter 174/294 - loss 2.07080116
2019-06-18 12:20:21,582 epoch 4 - iter 203/294 - loss 2.03041052
2019-06-18 12:20:45,037 epoch 4 - iter 232/294 - loss 2.01105432
2019-06-18 12:21:06,029 epoch 4 - iter 261/294 - loss 1.98547950
2019-06-18 12:21:26,876 epoch 4 - iter 290/294 - loss 1.97457476
2019-06-18 12:21:29,842 ----------------------------------------------------------------------------------------------------
2019-06-18 12:21:29,844 EPOCH 4 done: loss 1.9770 - lr 0.1000 - bad epochs 2
2019-06-18 12:21:45,400 DEV : loss 1.6486932039260864 - score 0.1237
2019-06-18 12:22:26,073 TEST : loss 1.8880915641784668 - score 0.1277
2019-06-18 12:22:26,108 ----------------------------------------------------------------------------------------------------
2019-06-18 12:22:28,260 epoch 5 - iter 0/294 - loss 0.87023306
2019-06-18 12:22:51,667 epoch 5 - iter 29/294 - loss 1.85647786
2019-06-18 12:23:11,491 epoch 5 - iter 58/294 - loss 1.76986124
2019-06-18 12:23:30,544 epoch 5 - iter 87/294 - loss 1.64860225
2019-06-18 12:23:52,820 epoch 5 - iter 116/294 - loss 1.75260115
2019-06-18 12:24:17,009 epoch 5 - iter 145/294 - loss 1.72471095
2019-06-18 12:24:39,673 epoch 5 - iter 174/294 - loss 1.74879492
2019-06-18 12:25:01,078 epoch 5 - iter 203/294 - loss 1.75810805
2019-06-18 12:25:22,754 epoch 5 - iter 232/294 - loss 1.77416992
2019-06-18 12:25:45,026 epoch 5 - iter 261/294 - loss 1.79284614
2019-06-18 12:26:06,628 epoch 5 - iter 290/294 - loss 1.75896034
2019-06-18 12:26:09,541 ----------------------------------------------------------------------------------------------------
2019-06-18 12:26:09,545 EPOCH 5 done: loss 1.7676 - lr 0.1000 - bad epochs 0
2019-06-18 12:26:23,211 DEV : loss 1.5004305839538574 - score 0.1568
2019-06-18 12:27:05,348 TEST : loss 1.718350887298584 - score 0.1512
2019-06-18 12:27:05,382 ----------------------------------------------------------------------------------------------------
2019-06-18 12:27:06,564 epoch 6 - iter 0/294 - loss 1.10789824
2019-06-18 12:27:30,128 epoch 6 - iter 29/294 - loss 1.62988991
2019-06-18 12:27:54,028 epoch 6 - iter 58/294 - loss 1.77897412
2019-06-18 12:28:15,073 epoch 6 - iter 87/294 - loss 1.74968227
2019-06-18 12:28:36,070 epoch 6 - iter 116/294 - loss 1.72482445
2019-06-18 12:29:00,447 epoch 6 - iter 145/294 - loss 1.71375411
2019-06-18 12:29:18,493 epoch 6 - iter 174/294 - loss 1.66165498
2019-06-18 12:29:38,633 epoch 6 - iter 203/294 - loss 1.68211410
2019-06-18 12:30:01,366 epoch 6 - iter 232/294 - loss 1.68082845
2019-06-18 12:30:22,062 epoch 6 - iter 261/294 - loss 1.66291455
2019-06-18 12:30:42,115 epoch 6 - iter 290/294 - loss 1.63643794
2019-06-18 12:30:44,642 ----------------------------------------------------------------------------------------------------
2019-06-18 12:30:44,644 EPOCH 6 done: loss 1.6432 - lr 0.1000 - bad epochs 0
2019-06-18 12:31:00,186 DEV : loss 1.8650758266448975 - score 0.0385
2019-06-18 12:31:41,065 TEST : loss 2.1080150604248047 - score 0.0468
2019-06-18 12:31:41,074 ----------------------------------------------------------------------------------------------------
2019-06-18 12:31:45,835 epoch 7 - iter 0/294 - loss 6.37609625
2019-06-18 12:32:09,836 epoch 7 - iter 29/294 - loss 1.83175745
2019-06-18 12:32:30,468 epoch 7 - iter 58/294 - loss 1.62264523
2019-06-18 12:32:53,442 epoch 7 - iter 87/294 - loss 1.64816972
2019-06-18 12:33:14,531 epoch 7 - iter 116/294 - loss 1.55997903
2019-06-18 12:33:34,384 epoch 7 - iter 145/294 - loss 1.52416988
2019-06-18 12:33:51,524 epoch 7 - iter 174/294 - loss 1.48339155
2019-06-18 12:34:14,785 epoch 7 - iter 203/294 - loss 1.50017830
2019-06-18 12:34:34,956 epoch 7 - iter 232/294 - loss 1.50765464
2019-06-18 12:34:53,503 epoch 7 - iter 261/294 - loss 1.48720476
2019-06-18 12:35:19,113 epoch 7 - iter 290/294 - loss 1.51070021
2019-06-18 12:35:21,652 ----------------------------------------------------------------------------------------------------
2019-06-18 12:35:21,654 EPOCH 7 done: loss 1.5126 - lr 0.1000 - bad epochs 1
2019-06-18 12:35:35,172 DEV : loss 1.3817943334579468 - score 0.1913
2019-06-18 12:36:17,100 TEST : loss 1.5738614797592163 - score 0.176
2019-06-18 12:36:17,133 ----------------------------------------------------------------------------------------------------
2019-06-18 12:36:18,204 epoch 8 - iter 0/294 - loss 0.79752386
2019-06-18 12:36:40,135 epoch 8 - iter 29/294 - loss 1.35385544
2019-06-18 12:37:00,908 epoch 8 - iter 58/294 - loss 1.46846062
2019-06-18 12:37:26,504 epoch 8 - iter 87/294 - loss 1.52389750
2019-06-18 12:37:47,831 epoch 8 - iter 116/294 - loss 1.55208151
2019-06-18 12:38:10,738 epoch 8 - iter 145/294 - loss 1.55739579
2019-06-18 12:38:36,867 epoch 8 - iter 174/294 - loss 1.52957673
2019-06-18 12:38:55,768 epoch 8 - iter 203/294 - loss 1.53985188
2019-06-18 12:39:14,022 epoch 8 - iter 232/294 - loss 1.51116191
2019-06-18 12:39:35,942 epoch 8 - iter 261/294 - loss 1.49621863
2019-06-18 12:39:56,081 epoch 8 - iter 290/294 - loss 1.47346434
2019-06-18 12:39:58,472 ----------------------------------------------------------------------------------------------------
2019-06-18 12:39:58,474 EPOCH 8 done: loss 1.4703 - lr 0.1000 - bad epochs 0
2019-06-18 12:40:13,996 DEV : loss 1.237450361251831 - score 0.3392
2019-06-18 12:40:54,613 TEST : loss 1.4274545907974243 - score 0.3142
2019-06-18 12:40:54,647 ----------------------------------------------------------------------------------------------------
2019-06-18 12:40:55,650 epoch 9 - iter 0/294 - loss 1.07230723
2019-06-18 12:41:15,459 epoch 9 - iter 29/294 - loss 1.33516568
2019-06-18 12:41:37,020 epoch 9 - iter 58/294 - loss 1.41870719
2019-06-18 12:41:58,275 epoch 9 - iter 87/294 - loss 1.40800964
2019-06-18 12:42:22,915 epoch 9 - iter 116/294 - loss 1.50161752
2019-06-18 12:42:45,910 epoch 9 - iter 145/294 - loss 1.49795031
2019-06-18 12:43:06,890 epoch 9 - iter 174/294 - loss 1.46878143
2019-06-18 12:43:27,698 epoch 9 - iter 203/294 - loss 1.43380529
2019-06-18 12:43:48,181 epoch 9 - iter 232/294 - loss 1.44071146
2019-06-18 12:44:10,879 epoch 9 - iter 261/294 - loss 1.44236171
2019-06-18 12:44:31,659 epoch 9 - iter 290/294 - loss 1.41878890
2019-06-18 12:44:33,676 ----------------------------------------------------------------------------------------------------
2019-06-18 12:44:33,680 EPOCH 9 done: loss 1.4128 - lr 0.1000 - bad epochs 0
2019-06-18 12:44:47,178 DEV : loss 1.2373205423355103 - score 0.3212
2019-06-18 12:45:27,914 TEST : loss 1.408116102218628 - score 0.2989
2019-06-18 12:45:27,922 ----------------------------------------------------------------------------------------------------
2019-06-18 12:45:30,654 epoch 10 - iter 0/294 - loss 3.04566097
2019-06-18 12:45:55,614 epoch 10 - iter 29/294 - loss 1.55394692
2019-06-18 12:46:17,153 epoch 10 - iter 58/294 - loss 1.41570278
2019-06-18 12:46:39,732 epoch 10 - iter 87/294 - loss 1.41334249
2019-06-18 12:46:59,260 epoch 10 - iter 116/294 - loss 1.40330831
2019-06-18 12:47:21,144 epoch 10 - iter 145/294 - loss 1.36606245
2019-06-18 12:47:42,964 epoch 10 - iter 174/294 - loss 1.41675582
2019-06-18 12:48:05,035 epoch 10 - iter 203/294 - loss 1.37303232
2019-06-18 12:48:25,795 epoch 10 - iter 232/294 - loss 1.37182514
2019-06-18 12:48:46,897 epoch 10 - iter 261/294 - loss 1.38461141
2019-06-18 12:49:05,648 epoch 10 - iter 290/294 - loss 1.35592269
2019-06-18 12:49:08,235 ----------------------------------------------------------------------------------------------------
2019-06-18 12:49:08,241 EPOCH 10 done: loss 1.3519 - lr 0.1000 - bad epochs 1
2019-06-18 12:49:21,862 DEV : loss 1.216013789176941 - score 0.3334
2019-06-18 12:50:03,682 TEST : loss 1.3730473518371582 - score 0.3218
2019-06-18 12:50:03,689 ----------------------------------------------------------------------------------------------------
2019-06-18 12:50:04,744 epoch 11 - iter 0/294 - loss 0.63697100
2019-06-18 12:50:25,828 epoch 11 - iter 29/294 - loss 1.22514697
2019-06-18 12:50:45,688 epoch 11 - iter 58/294 - loss 1.31036389
2019-06-18 12:51:07,170 epoch 11 - iter 87/294 - loss 1.28554525
2019-06-18 12:51:27,466 epoch 11 - iter 116/294 - loss 1.32121196
2019-06-18 12:51:48,218 epoch 11 - iter 145/294 - loss 1.32229234
2019-06-18 12:52:13,763 epoch 11 - iter 174/294 - loss 1.31572341
2019-06-18 12:52:35,864 epoch 11 - iter 203/294 - loss 1.33165956
2019-06-18 12:52:58,487 epoch 11 - iter 232/294 - loss 1.32664913
2019-06-18 12:53:17,380 epoch 11 - iter 261/294 - loss 1.32492237
2019-06-18 12:53:38,716 epoch 11 - iter 290/294 - loss 1.33160612
2019-06-18 12:53:41,526 ----------------------------------------------------------------------------------------------------
2019-06-18 12:53:41,528 EPOCH 11 done: loss 1.3300 - lr 0.1000 - bad epochs 2
2019-06-18 12:53:57,049 DEV : loss 1.1769219636917114 - score 0.3403
2019-06-18 12:54:37,605 TEST : loss 1.3487077951431274 - score 0.3107
2019-06-18 12:54:37,639 ----------------------------------------------------------------------------------------------------
2019-06-18 12:54:38,800 epoch 12 - iter 0/294 - loss 0.35585201
2019-06-18 12:55:00,901 epoch 12 - iter 29/294 - loss 1.33712585
2019-06-18 12:55:22,764 epoch 12 - iter 58/294 - loss 1.30409018
2019-06-18 12:55:42,340 epoch 12 - iter 87/294 - loss 1.27344827
2019-06-18 12:56:04,644 epoch 12 - iter 116/294 - loss 1.32539725
2019-06-18 12:56:26,692 epoch 12 - iter 145/294 - loss 1.27971102
2019-06-18 12:56:46,007 epoch 12 - iter 174/294 - loss 1.29656510
2019-06-18 12:57:10,986 epoch 12 - iter 203/294 - loss 1.31083607
2019-06-18 12:57:32,491 epoch 12 - iter 232/294 - loss 1.32137974
2019-06-18 12:57:51,307 epoch 12 - iter 261/294 - loss 1.30765471
2019-06-18 12:58:15,724 epoch 12 - iter 290/294 - loss 1.29009588
2019-06-18 12:58:18,088 ----------------------------------------------------------------------------------------------------
2019-06-18 12:58:18,092 EPOCH 12 done: loss 1.2902 - lr 0.1000 - bad epochs 0
2019-06-18 12:58:31,575 DEV : loss 1.107347011566162 - score 0.417
2019-06-18 12:59:13,284 TEST : loss 1.2781658172607422 - score 0.403
2019-06-18 12:59:13,317 ----------------------------------------------------------------------------------------------------
2019-06-18 12:59:14,822 epoch 13 - iter 0/294 - loss 3.10863161
2019-06-18 12:59:35,586 epoch 13 - iter 29/294 - loss 1.10353406
2019-06-18 12:59:58,953 epoch 13 - iter 58/294 - loss 1.21406828
2019-06-18 13:00:21,194 epoch 13 - iter 87/294 - loss 1.30929263
2019-06-18 13:00:42,908 epoch 13 - iter 116/294 - loss 1.26593934
2019-06-18 13:01:04,336 epoch 13 - iter 145/294 - loss 1.26373301
2019-06-18 13:01:25,643 epoch 13 - iter 174/294 - loss 1.22689931
2019-06-18 13:01:48,687 epoch 13 - iter 203/294 - loss 1.23101636
2019-06-18 13:02:07,008 epoch 13 - iter 232/294 - loss 1.23651285
2019-06-18 13:02:31,520 epoch 13 - iter 261/294 - loss 1.27899837
2019-06-18 13:02:49,920 epoch 13 - iter 290/294 - loss 1.26407438
2019-06-18 13:02:52,433 ----------------------------------------------------------------------------------------------------
2019-06-18 13:02:52,436 EPOCH 13 done: loss 1.2622 - lr 0.1000 - bad epochs 0
2019-06-18 13:03:07,752 DEV : loss 1.1231071949005127 - score 0.3502
2019-06-18 13:03:48,129 TEST : loss 1.2870416641235352 - score 0.3268
2019-06-18 13:03:48,136 ----------------------------------------------------------------------------------------------------
2019-06-18 13:03:49,416 epoch 14 - iter 0/294 - loss 0.19966996
2019-06-18 13:04:10,830 epoch 14 - iter 29/294 - loss 1.22721511
2019-06-18 13:04:34,185 epoch 14 - iter 58/294 - loss 1.18464285
2019-06-18 13:04:55,724 epoch 14 - iter 87/294 - loss 1.27281508
2019-06-18 13:05:16,330 epoch 14 - iter 116/294 - loss 1.26463644
2019-06-18 13:05:38,001 epoch 14 - iter 145/294 - loss 1.27142837
2019-06-18 13:05:59,025 epoch 14 - iter 174/294 - loss 1.26270315
2019-06-18 13:06:23,742 epoch 14 - iter 203/294 - loss 1.24918356
2019-06-18 13:06:42,708 epoch 14 - iter 232/294 - loss 1.23724542
2019-06-18 13:07:02,193 epoch 14 - iter 261/294 - loss 1.23553006
2019-06-18 13:07:23,604 epoch 14 - iter 290/294 - loss 1.23974056
2019-06-18 13:07:26,335 ----------------------------------------------------------------------------------------------------
2019-06-18 13:07:26,337 EPOCH 14 done: loss 1.2406 - lr 0.1000 - bad epochs 1
2019-06-18 13:07:40,048 DEV : loss 1.055314064025879 - score 0.4397
2019-06-18 13:08:20,767 TEST : loss 1.228424310684204 - score 0.4219
2019-06-18 13:08:20,801 ----------------------------------------------------------------------------------------------------
2019-06-18 13:08:23,610 epoch 15 - iter 0/294 - loss 2.29407310
2019-06-18 13:08:46,240 epoch 15 - iter 29/294 - loss 1.18594170
2019-06-18 13:09:09,374 epoch 15 - iter 58/294 - loss 1.23611317
2019-06-18 13:09:29,566 epoch 15 - iter 87/294 - loss 1.25171409
2019-06-18 13:09:48,674 epoch 15 - iter 116/294 - loss 1.19418996
2019-06-18 13:10:09,375 epoch 15 - iter 145/294 - loss 1.18489539
2019-06-18 13:10:33,883 epoch 15 - iter 174/294 - loss 1.19399953
2019-06-18 13:10:55,215 epoch 15 - iter 203/294 - loss 1.17978627
2019-06-18 13:11:15,583 epoch 15 - iter 232/294 - loss 1.18064907
2019-06-18 13:11:38,628 epoch 15 - iter 261/294 - loss 1.19359687
2019-06-18 13:11:58,414 epoch 15 - iter 290/294 - loss 1.20740727
2019-06-18 13:12:00,858 ----------------------------------------------------------------------------------------------------
2019-06-18 13:12:00,860 EPOCH 15 done: loss 1.2072 - lr 0.1000 - bad epochs 0
2019-06-18 13:12:16,311 DEV : loss 1.052145004272461 - score 0.4111
2019-06-18 13:12:56,952 TEST : loss 1.2053290605545044 - score 0.3985
2019-06-18 13:12:56,960 ----------------------------------------------------------------------------------------------------
2019-06-18 13:12:58,501 epoch 16 - iter 0/294 - loss 2.47504234
2019-06-18 13:13:17,368 epoch 16 - iter 29/294 - loss 1.34931574
2019-06-18 13:13:42,311 epoch 16 - iter 58/294 - loss 1.30293138
2019-06-18 13:14:02,982 epoch 16 - iter 87/294 - loss 1.25160961
2019-06-18 13:14:22,387 epoch 16 - iter 116/294 - loss 1.23362076
2019-06-18 13:14:48,756 epoch 16 - iter 145/294 - loss 1.21761623
2019-06-18 13:15:09,792 epoch 16 - iter 174/294 - loss 1.23941432
2019-06-18 13:15:30,337 epoch 16 - iter 203/294 - loss 1.21422742
2019-06-18 13:15:52,712 epoch 16 - iter 232/294 - loss 1.21038182
2019-06-18 13:16:12,361 epoch 16 - iter 261/294 - loss 1.20141950
2019-06-18 13:16:32,977 epoch 16 - iter 290/294 - loss 1.19287045
2019-06-18 13:16:34,998 ----------------------------------------------------------------------------------------------------
2019-06-18 13:16:35,000 EPOCH 16 done: loss 1.1939 - lr 0.1000 - bad epochs 1
2019-06-18 13:16:50,536 DEV : loss 1.0288057327270508 - score 0.4058
2019-06-18 13:17:30,938 TEST : loss 1.1957348585128784 - score 0.3979
2019-06-18 13:17:30,944 ----------------------------------------------------------------------------------------------------
2019-06-18 13:17:32,331 epoch 17 - iter 0/294 - loss 0.92701769
2019-06-18 13:17:54,556 epoch 17 - iter 29/294 - loss 1.29384277
2019-06-18 13:18:16,700 epoch 17 - iter 58/294 - loss 1.25667710
2019-06-18 13:18:36,554 epoch 17 - iter 87/294 - loss 1.20130131
2019-06-18 13:18:58,345 epoch 17 - iter 116/294 - loss 1.17685823
2019-06-18 13:19:22,169 epoch 17 - iter 145/294 - loss 1.19102015
2019-06-18 13:19:40,459 epoch 17 - iter 174/294 - loss 1.17862823
2019-06-18 13:20:02,528 epoch 17 - iter 203/294 - loss 1.16896089
2019-06-18 13:20:24,869 epoch 17 - iter 232/294 - loss 1.17635466
2019-06-18 13:20:44,085 epoch 17 - iter 261/294 - loss 1.17178640
2019-06-18 13:21:06,552 epoch 17 - iter 290/294 - loss 1.16906277
2019-06-18 13:21:09,311 ----------------------------------------------------------------------------------------------------
2019-06-18 13:21:09,317 EPOCH 17 done: loss 1.1664 - lr 0.1000 - bad epochs 2
2019-06-18 13:21:22,810 DEV : loss 1.0004050731658936 - score 0.4225
2019-06-18 13:22:04,407 TEST : loss 1.171339988708496 - score 0.416
2019-06-18 13:22:04,414 ----------------------------------------------------------------------------------------------------
2019-06-18 13:22:05,584 epoch 18 - iter 0/294 - loss 0.79331356
2019-06-18 13:22:24,692 epoch 18 - iter 29/294 - loss 1.07797081
2019-06-18 13:22:43,456 epoch 18 - iter 58/294 - loss 1.13489285
2019-06-18 13:23:07,722 epoch 18 - iter 87/294 - loss 1.19942784
2019-06-18 13:23:27,161 epoch 18 - iter 116/294 - loss 1.15400482
2019-06-18 13:23:47,438 epoch 18 - iter 145/294 - loss 1.16817383
2019-06-18 13:24:09,267 epoch 18 - iter 174/294 - loss 1.16991214
2019-06-18 13:24:29,201 epoch 18 - iter 203/294 - loss 1.13123523
2019-06-18 13:24:50,632 epoch 18 - iter 232/294 - loss 1.14384308
2019-06-18 13:25:12,365 epoch 18 - iter 261/294 - loss 1.13423265
2019-06-18 13:25:40,059 epoch 18 - iter 290/294 - loss 1.15495327
2019-06-18 13:25:42,411 ----------------------------------------------------------------------------------------------------
2019-06-18 13:25:42,413 EPOCH 18 done: loss 1.1553 - lr 0.1000 - bad epochs 3
2019-06-18 13:25:57,814 DEV : loss 1.0042203664779663 - score 0.3973
2019-06-18 13:26:38,135 TEST : loss 1.1684449911117554 - score 0.4043
2019-06-18 13:26:38,142 ----------------------------------------------------------------------------------------------------
2019-06-18 13:26:39,128 epoch 19 - iter 0/294 - loss 1.27968740
2019-06-18 13:26:58,529 epoch 19 - iter 29/294 - loss 1.03364350
2019-06-18 13:27:19,425 epoch 19 - iter 58/294 - loss 1.00040620
2019-06-18 13:27:41,524 epoch 19 - iter 87/294 - loss 1.03280783
2019-06-18 13:28:01,909 epoch 19 - iter 116/294 - loss 1.04598366
2019-06-18 13:28:28,742 epoch 19 - iter 145/294 - loss 1.12154870
2019-06-18 13:28:49,888 epoch 19 - iter 174/294 - loss 1.12174100
2019-06-18 13:29:13,550 epoch 19 - iter 203/294 - loss 1.12413316
2019-06-18 13:29:33,181 epoch 19 - iter 232/294 - loss 1.12067647
2019-06-18 13:29:52,271 epoch 19 - iter 261/294 - loss 1.09915329
2019-06-18 13:30:13,011 epoch 19 - iter 290/294 - loss 1.09255985
2019-06-18 13:30:18,535 ----------------------------------------------------------------------------------------------------
2019-06-18 13:30:18,536 EPOCH 19 done: loss 1.0952 - lr 0.0500 - bad epochs 0
2019-06-18 13:30:32,004 DEV : loss 0.9817730784416199 - score 0.46
2019-06-18 13:31:12,405 TEST : loss 1.1336655616760254 - score 0.4553
2019-06-18 13:31:12,441 ----------------------------------------------------------------------------------------------------
2019-06-18 13:31:13,671 epoch 20 - iter 0/294 - loss 0.41089857
2019-06-18 13:31:35,468 epoch 20 - iter 29/294 - loss 1.16957864
2019-06-18 13:31:58,352 epoch 20 - iter 58/294 - loss 1.14304025
2019-06-18 13:32:18,193 epoch 20 - iter 87/294 - loss 1.14211318
2019-06-18 13:32:39,293 epoch 20 - iter 116/294 - loss 1.12411014
2019-06-18 13:32:59,933 epoch 20 - iter 145/294 - loss 1.09962905
2019-06-18 13:33:21,119 epoch 20 - iter 174/294 - loss 1.08267148
2019-06-18 13:33:42,105 epoch 20 - iter 203/294 - loss 1.04959632
2019-06-18 13:34:03,434 epoch 20 - iter 232/294 - loss 1.07122345
2019-06-18 13:34:26,936 epoch 20 - iter 261/294 - loss 1.09849215
2019-06-18 13:34:48,405 epoch 20 - iter 290/294 - loss 1.08803511
2019-06-18 13:34:51,172 ----------------------------------------------------------------------------------------------------
2019-06-18 13:34:51,176 EPOCH 20 done: loss 1.0866 - lr 0.0500 - bad epochs 0
2019-06-18 13:35:04,777 DEV : loss 0.9827521443367004 - score 0.4355
2019-06-18 13:35:46,561 TEST : loss 1.1286237239837646 - score 0.4328
2019-06-18 13:35:46,593 ----------------------------------------------------------------------------------------------------
2019-06-18 13:35:46,597 Testing using best model ...
2019-06-18 13:35:46,600 loading file resources/taggers/resume-CE/best-model.pt
2019-06-18 13:36:27,193 0.6327	0.3556	0.4553
2019-06-18 13:36:27,198 
MICRO_AVG: acc 0.2948 - f1-score 0.4553
MACRO_AVG: acc 0.3246 - f1-score 0.43687777777777775
-          tp: 0 - fp: 0 - fn: 476 - tn: 0 - precision: 0.0000 - recall: 0.0000 - accuracy: 0.0000 - f1-score: 0.0000
Degree     tp: 49 - fp: 82 - fn: 92 - tn: 49 - precision: 0.3740 - recall: 0.3475 - accuracy: 0.2197 - f1-score: 0.3603
Designation tp: 173 - fp: 118 - fn: 258 - tn: 173 - precision: 0.5945 - recall: 0.4014 - accuracy: 0.3151 - f1-score: 0.4792
L-Degree   tp: 48 - fp: 76 - fn: 89 - tn: 48 - precision: 0.3871 - recall: 0.3504 - accuracy: 0.2254 - f1-score: 0.3678
L-Designation tp: 184 - fp: 105 - fn: 228 - tn: 184 - precision: 0.6367 - recall: 0.4466 - accuracy: 0.3559 - f1-score: 0.5250
L-Name     tp: 117 - fp: 7 - fn: 29 - tn: 117 - precision: 0.9435 - recall: 0.8014 - accuracy: 0.7647 - f1-score: 0.8667
Name       tp: 117 - fp: 7 - fn: 29 - tn: 117 - precision: 0.9435 - recall: 0.8014 - accuracy: 0.7647 - f1-score: 0.8667
U-Degree   tp: 18 - fp: 16 - fn: 47 - tn: 18 - precision: 0.5294 - recall: 0.2769 - accuracy: 0.2222 - f1-score: 0.3636
U-Designation tp: 2 - fp: 0 - fn: 35 - tn: 2 - precision: 1.0000 - recall: 0.0541 - accuracy: 0.0541 - f1-score: 0.1026
2019-06-18 13:36:27,202 ----------------------------------------------------------------------------------------------------
2019-06-18 14:52:31,636 Reading data from /content/gdrive/My Drive/SAKI_2019/data
2019-06-18 14:52:31,640 Train: /content/gdrive/My Drive/SAKI_2019/data/training_bilou.txt
2019-06-18 14:52:31,645 Dev: None
2019-06-18 14:52:31,647 Test: /content/gdrive/My Drive/SAKI_2019/data/test_bilou.txt
2019-06-18 14:53:00,163 ----------------------------------------------------------------------------------------------------
2019-06-18 14:53:00,165 Evaluation method: MICRO_F1_SCORE
2019-06-18 14:53:00,636 ----------------------------------------------------------------------------------------------------
2019-06-18 14:53:02,337 epoch 1 - iter 0/294 - loss 88.17574310
2019-06-18 14:53:23,454 epoch 1 - iter 29/294 - loss 11.84778854
2019-06-18 14:53:44,233 epoch 1 - iter 58/294 - loss 8.29505000
2019-06-18 14:54:08,515 epoch 1 - iter 87/294 - loss 6.89873970
2019-06-18 14:54:32,620 epoch 1 - iter 116/294 - loss 6.12702840
2019-06-18 14:55:02,538 epoch 1 - iter 145/294 - loss 5.47876507
2019-06-18 14:55:23,447 epoch 1 - iter 174/294 - loss 4.97724392
2019-06-18 14:55:45,851 epoch 1 - iter 203/294 - loss 4.69156968
2019-06-18 14:56:07,959 epoch 1 - iter 232/294 - loss 4.47649900
2019-06-18 14:56:30,913 epoch 1 - iter 261/294 - loss 4.25605112
2019-06-18 14:56:53,052 epoch 1 - iter 290/294 - loss 4.03805016
2019-06-18 14:56:58,967 ----------------------------------------------------------------------------------------------------
2019-06-18 14:56:58,975 EPOCH 1 done: loss 4.0277 - lr 0.1000 - bad epochs 0
2019-06-18 14:57:16,387 DEV : loss 1.709194302558899 - score 0.2131
2019-06-18 14:58:00,931 TEST : loss 2.0527758598327637 - score 0.2309
2019-06-18 14:58:04,895 ----------------------------------------------------------------------------------------------------
2019-06-18 14:58:06,251 epoch 2 - iter 0/294 - loss 2.28403449
2019-06-18 14:58:31,067 epoch 2 - iter 29/294 - loss 2.38021900
2019-06-18 14:58:56,580 epoch 2 - iter 58/294 - loss 2.19944485
2019-06-18 14:59:17,155 epoch 2 - iter 87/294 - loss 2.13438825
2019-06-18 14:59:40,588 epoch 2 - iter 116/294 - loss 2.04427447
2019-06-18 15:00:03,391 epoch 2 - iter 145/294 - loss 2.00146707
2019-06-18 15:00:23,675 epoch 2 - iter 174/294 - loss 1.93766857
2019-06-18 15:00:46,605 epoch 2 - iter 203/294 - loss 1.88799278
2019-06-18 15:01:12,514 epoch 2 - iter 232/294 - loss 1.90256270
2019-06-18 15:01:35,203 epoch 2 - iter 261/294 - loss 1.88244418
2019-06-18 15:01:57,541 epoch 2 - iter 290/294 - loss 1.85435172
2019-06-18 15:02:00,234 ----------------------------------------------------------------------------------------------------
2019-06-18 15:02:00,236 EPOCH 2 done: loss 1.8502 - lr 0.1000 - bad epochs 0
2019-06-18 15:02:17,780 DEV : loss 1.1303091049194336 - score 0.5135
2019-06-18 15:03:01,887 TEST : loss 1.3693568706512451 - score 0.4584
2019-06-18 15:03:05,674 ----------------------------------------------------------------------------------------------------
2019-06-18 15:03:07,057 epoch 3 - iter 0/294 - loss 0.92913979
2019-06-18 15:03:29,908 epoch 3 - iter 29/294 - loss 1.57588906
2019-06-18 15:03:52,595 epoch 3 - iter 58/294 - loss 1.51827999
2019-06-18 15:04:17,244 epoch 3 - iter 87/294 - loss 1.49965714
2019-06-18 15:04:40,379 epoch 3 - iter 116/294 - loss 1.48480145
2019-06-18 15:05:03,190 epoch 3 - iter 145/294 - loss 1.45427309
2019-06-18 15:05:23,342 epoch 3 - iter 174/294 - loss 1.45022965
2019-06-18 15:05:49,114 epoch 3 - iter 203/294 - loss 1.50258984
2019-06-18 15:06:12,660 epoch 3 - iter 232/294 - loss 1.51041887
2019-06-18 15:06:36,070 epoch 3 - iter 261/294 - loss 1.47220478
2019-06-18 15:06:57,319 epoch 3 - iter 290/294 - loss 1.45897017
2019-06-18 15:06:59,740 ----------------------------------------------------------------------------------------------------
2019-06-18 15:06:59,741 EPOCH 3 done: loss 1.4505 - lr 0.1000 - bad epochs 0
2019-06-18 15:07:17,155 DEV : loss 0.9230380654335022 - score 0.5823
2019-06-18 15:08:01,255 TEST : loss 1.15884530544281 - score 0.5155
2019-06-18 15:08:05,011 ----------------------------------------------------------------------------------------------------
2019-06-18 15:08:06,668 epoch 4 - iter 0/294 - loss 1.02255630
2019-06-18 15:08:30,574 epoch 4 - iter 29/294 - loss 1.28132576
2019-06-18 15:08:51,995 epoch 4 - iter 58/294 - loss 1.34748356
2019-06-18 15:09:13,184 epoch 4 - iter 87/294 - loss 1.28183734
2019-06-18 15:09:35,104 epoch 4 - iter 116/294 - loss 1.34061970
2019-06-18 15:10:01,866 epoch 4 - iter 145/294 - loss 1.36137053
2019-06-18 15:10:23,356 epoch 4 - iter 174/294 - loss 1.31549871
2019-06-18 15:10:44,779 epoch 4 - iter 203/294 - loss 1.29707367
2019-06-18 15:11:08,801 epoch 4 - iter 232/294 - loss 1.27036994
2019-06-18 15:11:31,110 epoch 4 - iter 261/294 - loss 1.26131075
2019-06-18 15:11:55,516 epoch 4 - iter 290/294 - loss 1.26550907
2019-06-18 15:11:58,137 ----------------------------------------------------------------------------------------------------
2019-06-18 15:11:58,139 EPOCH 4 done: loss 1.2606 - lr 0.1000 - bad epochs 0
2019-06-18 15:12:15,347 DEV : loss 0.8157801628112793 - score 0.6165
2019-06-18 15:12:58,345 TEST : loss 1.041659951210022 - score 0.5433
2019-06-18 15:13:01,998 ----------------------------------------------------------------------------------------------------
2019-06-18 15:13:03,326 epoch 5 - iter 0/294 - loss 0.42682132
2019-06-18 15:13:28,290 epoch 5 - iter 29/294 - loss 1.02739873
2019-06-18 15:13:49,569 epoch 5 - iter 58/294 - loss 1.08824819
2019-06-18 15:14:12,545 epoch 5 - iter 87/294 - loss 1.09292892
2019-06-18 15:14:37,792 epoch 5 - iter 116/294 - loss 1.13319622
2019-06-18 15:15:02,388 epoch 5 - iter 145/294 - loss 1.10793290
2019-06-18 15:15:26,229 epoch 5 - iter 174/294 - loss 1.14155932
2019-06-18 15:15:48,683 epoch 5 - iter 203/294 - loss 1.13893410
2019-06-18 15:16:12,674 epoch 5 - iter 232/294 - loss 1.15247820
2019-06-18 15:16:33,234 epoch 5 - iter 261/294 - loss 1.16146809
2019-06-18 15:16:57,751 epoch 5 - iter 290/294 - loss 1.16850866
2019-06-18 15:17:02,735 ----------------------------------------------------------------------------------------------------
2019-06-18 15:17:02,738 EPOCH 5 done: loss 1.1628 - lr 0.1000 - bad epochs 0
2019-06-18 15:17:17,617 DEV : loss 0.7627096772193909 - score 0.6286
2019-06-18 15:18:01,609 TEST : loss 1.0067118406295776 - score 0.5769
2019-06-18 15:18:05,365 ----------------------------------------------------------------------------------------------------
2019-06-18 15:18:06,964 epoch 6 - iter 0/294 - loss 0.62382829
2019-06-18 15:18:34,809 epoch 6 - iter 29/294 - loss 1.17621603
2019-06-18 15:18:56,075 epoch 6 - iter 58/294 - loss 1.17052152
2019-06-18 15:19:17,787 epoch 6 - iter 87/294 - loss 1.10576025
2019-06-18 15:19:40,369 epoch 6 - iter 116/294 - loss 1.06346767
2019-06-18 15:20:05,470 epoch 6 - iter 145/294 - loss 1.04778632
2019-06-18 15:20:26,582 epoch 6 - iter 174/294 - loss 1.04566792
2019-06-18 15:20:50,670 epoch 6 - iter 203/294 - loss 1.04662486
2019-06-18 15:21:12,372 epoch 6 - iter 232/294 - loss 1.05256543
2019-06-18 15:21:32,300 epoch 6 - iter 261/294 - loss 1.06603436
2019-06-18 15:21:58,481 epoch 6 - iter 290/294 - loss 1.07626646
2019-06-18 15:22:01,191 ----------------------------------------------------------------------------------------------------
2019-06-18 15:22:01,192 EPOCH 6 done: loss 1.0721 - lr 0.1000 - bad epochs 0
2019-06-18 15:22:16,331 DEV : loss 0.7458456754684448 - score 0.6152
2019-06-18 15:23:01,715 TEST : loss 0.9712508320808411 - score 0.5595
2019-06-18 15:23:01,723 ----------------------------------------------------------------------------------------------------
2019-06-18 15:23:03,035 epoch 7 - iter 0/294 - loss 1.28700066
2019-06-18 15:23:25,563 epoch 7 - iter 29/294 - loss 0.94165627
2019-06-18 15:23:48,786 epoch 7 - iter 58/294 - loss 1.08526206
2019-06-18 15:24:11,848 epoch 7 - iter 87/294 - loss 1.01941578
2019-06-18 15:24:31,924 epoch 7 - iter 116/294 - loss 0.99926426
2019-06-18 15:24:53,066 epoch 7 - iter 145/294 - loss 0.98319721
2019-06-18 15:25:17,243 epoch 7 - iter 174/294 - loss 0.99003565
2019-06-18 15:25:40,217 epoch 7 - iter 203/294 - loss 0.99006122
2019-06-18 15:26:04,255 epoch 7 - iter 232/294 - loss 0.98057214
2019-06-18 15:26:28,786 epoch 7 - iter 261/294 - loss 1.00009859
2019-06-18 15:26:50,894 epoch 7 - iter 290/294 - loss 1.00436467
2019-06-18 15:26:53,435 ----------------------------------------------------------------------------------------------------
2019-06-18 15:26:53,436 EPOCH 7 done: loss 0.9986 - lr 0.1000 - bad epochs 1
2019-06-18 15:27:08,165 DEV : loss 0.7023515701293945 - score 0.6264
2019-06-18 15:27:53,898 TEST : loss 0.9147149324417114 - score 0.5797
2019-06-18 15:27:53,905 ----------------------------------------------------------------------------------------------------
2019-06-18 15:27:55,235 epoch 8 - iter 0/294 - loss 0.58513808
2019-06-18 15:28:19,017 epoch 8 - iter 29/294 - loss 1.00389418
2019-06-18 15:28:40,075 epoch 8 - iter 58/294 - loss 0.92978400
2019-06-18 15:29:02,795 epoch 8 - iter 87/294 - loss 0.93698097
2019-06-18 15:29:22,910 epoch 8 - iter 116/294 - loss 0.92903640
2019-06-18 15:29:48,775 epoch 8 - iter 145/294 - loss 0.92298193
2019-06-18 15:30:12,281 epoch 8 - iter 174/294 - loss 0.93275287
2019-06-18 15:30:33,246 epoch 8 - iter 203/294 - loss 0.93126512
2019-06-18 15:30:56,469 epoch 8 - iter 232/294 - loss 0.97254455
2019-06-18 15:31:22,129 epoch 8 - iter 261/294 - loss 0.98272523
2019-06-18 15:31:44,563 epoch 8 - iter 290/294 - loss 0.97559666
2019-06-18 15:31:47,222 ----------------------------------------------------------------------------------------------------
2019-06-18 15:31:47,227 EPOCH 8 done: loss 0.9753 - lr 0.1000 - bad epochs 2
2019-06-18 15:32:01,823 DEV : loss 0.6663967370986938 - score 0.6422
2019-06-18 15:32:46,991 TEST : loss 0.8315432667732239 - score 0.5953
2019-06-18 15:32:50,689 ----------------------------------------------------------------------------------------------------
2019-06-18 15:32:52,198 epoch 9 - iter 0/294 - loss 0.85437095
2019-06-18 15:33:12,355 epoch 9 - iter 29/294 - loss 0.90094235
2019-06-18 15:33:38,898 epoch 9 - iter 58/294 - loss 0.92989819
2019-06-18 15:34:01,312 epoch 9 - iter 87/294 - loss 0.99162864
2019-06-18 15:34:20,988 epoch 9 - iter 116/294 - loss 0.99232016
2019-06-18 15:34:49,142 epoch 9 - iter 145/294 - loss 0.99338843
2019-06-18 15:35:09,843 epoch 9 - iter 174/294 - loss 0.96942002
2019-06-18 15:35:34,432 epoch 9 - iter 203/294 - loss 0.96405233
2019-06-18 15:35:58,655 epoch 9 - iter 232/294 - loss 0.96546387
2019-06-18 15:36:19,816 epoch 9 - iter 261/294 - loss 0.95749307
2019-06-18 15:36:40,523 epoch 9 - iter 290/294 - loss 0.95062465
2019-06-18 15:36:43,022 ----------------------------------------------------------------------------------------------------
2019-06-18 15:36:43,024 EPOCH 9 done: loss 0.9520 - lr 0.1000 - bad epochs 0
2019-06-18 15:37:00,424 DEV : loss 0.6626825332641602 - score 0.6139
2019-06-18 15:37:44,261 TEST : loss 0.8355284929275513 - score 0.5783
2019-06-18 15:37:44,268 ----------------------------------------------------------------------------------------------------
2019-06-18 15:37:45,527 epoch 10 - iter 0/294 - loss 0.72568220
2019-06-18 15:38:07,705 epoch 10 - iter 29/294 - loss 1.00329903
2019-06-18 15:38:30,950 epoch 10 - iter 58/294 - loss 0.95540557
2019-06-18 15:38:54,076 epoch 10 - iter 87/294 - loss 0.93614177
2019-06-18 15:39:15,219 epoch 10 - iter 116/294 - loss 0.91946742
2019-06-18 15:39:39,285 epoch 10 - iter 145/294 - loss 0.91552982
2019-06-18 15:40:00,785 epoch 10 - iter 174/294 - loss 0.90405739
2019-06-18 15:40:20,756 epoch 10 - iter 203/294 - loss 0.89589958
2019-06-18 15:40:45,720 epoch 10 - iter 232/294 - loss 0.90719513
2019-06-18 15:41:08,826 epoch 10 - iter 261/294 - loss 0.91408929
2019-06-18 15:41:32,071 epoch 10 - iter 290/294 - loss 0.91681316
2019-06-18 15:41:34,460 ----------------------------------------------------------------------------------------------------
2019-06-18 15:41:34,462 EPOCH 10 done: loss 0.9182 - lr 0.1000 - bad epochs 1
2019-06-18 15:41:51,437 DEV : loss 0.6247597336769104 - score 0.6442
2019-06-18 15:42:34,476 TEST : loss 0.7875044345855713 - score 0.6088
2019-06-18 15:42:38,193 ----------------------------------------------------------------------------------------------------
2019-06-18 15:42:40,078 epoch 11 - iter 0/294 - loss 1.28206897
2019-06-18 15:43:06,502 epoch 11 - iter 29/294 - loss 0.89113744
2019-06-18 15:43:31,796 epoch 11 - iter 58/294 - loss 0.95029158
2019-06-18 15:43:54,785 epoch 11 - iter 87/294 - loss 0.97100888
2019-06-18 15:44:16,681 epoch 11 - iter 116/294 - loss 0.93873886
2019-06-18 15:44:37,115 epoch 11 - iter 145/294 - loss 0.93095616
2019-06-18 15:44:59,953 epoch 11 - iter 174/294 - loss 0.93474360
2019-06-18 15:45:21,754 epoch 11 - iter 203/294 - loss 0.90909675
2019-06-18 15:45:42,360 epoch 11 - iter 232/294 - loss 0.90212242
2019-06-18 15:46:03,880 epoch 11 - iter 261/294 - loss 0.89530940
2019-06-18 15:46:29,676 epoch 11 - iter 290/294 - loss 0.88252406
2019-06-18 15:46:32,099 ----------------------------------------------------------------------------------------------------
2019-06-18 15:46:32,100 EPOCH 11 done: loss 0.8810 - lr 0.1000 - bad epochs 0
2019-06-18 15:46:46,779 DEV : loss 0.6165211796760559 - score 0.6503
2019-06-18 15:47:29,719 TEST : loss 0.7849340438842773 - score 0.6036
2019-06-18 15:47:33,469 ----------------------------------------------------------------------------------------------------
2019-06-18 15:47:35,005 epoch 12 - iter 0/294 - loss 1.82669759
2019-06-18 15:47:59,533 epoch 12 - iter 29/294 - loss 0.92974095
2019-06-18 15:48:22,446 epoch 12 - iter 58/294 - loss 0.85430403
2019-06-18 15:48:45,001 epoch 12 - iter 87/294 - loss 0.88616293
2019-06-18 15:49:09,636 epoch 12 - iter 116/294 - loss 0.89174844
2019-06-18 15:49:34,905 epoch 12 - iter 145/294 - loss 0.88098064
2019-06-18 15:49:56,230 epoch 12 - iter 174/294 - loss 0.87698561
2019-06-18 15:50:17,504 epoch 12 - iter 203/294 - loss 0.87890969
2019-06-18 15:50:38,320 epoch 12 - iter 232/294 - loss 0.88252807
2019-06-18 15:51:00,507 epoch 12 - iter 261/294 - loss 0.87166069
2019-06-18 15:51:20,954 epoch 12 - iter 290/294 - loss 0.86031344
2019-06-18 15:51:23,431 ----------------------------------------------------------------------------------------------------
2019-06-18 15:51:23,432 EPOCH 12 done: loss 0.8604 - lr 0.1000 - bad epochs 0
2019-06-18 15:51:38,260 DEV : loss 0.6105525493621826 - score 0.6253
2019-06-18 15:52:22,659 TEST : loss 0.7756816148757935 - score 0.6082
2019-06-18 15:52:22,666 ----------------------------------------------------------------------------------------------------
2019-06-18 15:52:24,293 epoch 13 - iter 0/294 - loss 1.55918407
2019-06-18 15:52:45,967 epoch 13 - iter 29/294 - loss 0.82732248
2019-06-18 15:53:07,979 epoch 13 - iter 58/294 - loss 0.78678319
2019-06-18 15:53:35,941 epoch 13 - iter 87/294 - loss 0.82130326
2019-06-18 15:53:59,738 epoch 13 - iter 116/294 - loss 0.82772486
2019-06-18 15:54:22,897 epoch 13 - iter 145/294 - loss 0.85888113
2019-06-18 15:54:45,373 epoch 13 - iter 174/294 - loss 0.86559742
2019-06-18 15:55:05,699 epoch 13 - iter 203/294 - loss 0.85685873
2019-06-18 15:55:25,480 epoch 13 - iter 232/294 - loss 0.84302741
2019-06-18 15:55:50,829 epoch 13 - iter 261/294 - loss 0.86308293
2019-06-18 15:56:11,465 epoch 13 - iter 290/294 - loss 0.85286229
2019-06-18 15:56:13,910 ----------------------------------------------------------------------------------------------------
2019-06-18 15:56:13,911 EPOCH 13 done: loss 0.8518 - lr 0.1000 - bad epochs 1
2019-06-18 15:56:28,622 DEV : loss 0.6085161566734314 - score 0.6697
2019-06-18 15:57:13,941 TEST : loss 0.7875271439552307 - score 0.5886
2019-06-18 15:57:17,659 ----------------------------------------------------------------------------------------------------
2019-06-18 15:57:19,624 epoch 14 - iter 0/294 - loss 0.85418195
2019-06-18 15:57:46,037 epoch 14 - iter 29/294 - loss 0.96640641
2019-06-18 15:58:10,386 epoch 14 - iter 58/294 - loss 0.90850801
2019-06-18 15:58:32,893 epoch 14 - iter 87/294 - loss 0.87349088
2019-06-18 15:58:55,568 epoch 14 - iter 116/294 - loss 0.87976948
2019-06-18 15:59:15,560 epoch 14 - iter 145/294 - loss 0.86273724
2019-06-18 15:59:38,756 epoch 14 - iter 174/294 - loss 0.84627592
2019-06-18 16:00:00,526 epoch 14 - iter 203/294 - loss 0.82944728
2019-06-18 16:00:22,139 epoch 14 - iter 232/294 - loss 0.82761509
2019-06-18 16:00:46,420 epoch 14 - iter 261/294 - loss 0.83772966
2019-06-18 16:01:06,818 epoch 14 - iter 290/294 - loss 0.82962598
2019-06-18 16:01:09,467 ----------------------------------------------------------------------------------------------------
2019-06-18 16:01:09,469 EPOCH 14 done: loss 0.8270 - lr 0.1000 - bad epochs 0
2019-06-18 16:01:23,969 DEV : loss 0.5880681276321411 - score 0.6518
2019-06-18 16:02:08,595 TEST : loss 0.7544304728507996 - score 0.6229
2019-06-18 16:02:08,603 ----------------------------------------------------------------------------------------------------
2019-06-18 16:02:09,942 epoch 15 - iter 0/294 - loss 0.26331484
2019-06-18 16:02:33,490 epoch 15 - iter 29/294 - loss 0.73139401
2019-06-18 16:02:54,322 epoch 15 - iter 58/294 - loss 0.78165639
2019-06-18 16:03:16,931 epoch 15 - iter 87/294 - loss 0.76196905
2019-06-18 16:03:35,608 epoch 15 - iter 116/294 - loss 0.76312824
2019-06-18 16:03:56,152 epoch 15 - iter 145/294 - loss 0.76846190
2019-06-18 16:04:21,332 epoch 15 - iter 174/294 - loss 0.80048811
2019-06-18 16:04:42,458 epoch 15 - iter 203/294 - loss 0.81787614
2019-06-18 16:05:09,888 epoch 15 - iter 232/294 - loss 0.83449135
2019-06-18 16:05:35,347 epoch 15 - iter 261/294 - loss 0.83095584
2019-06-18 16:05:55,988 epoch 15 - iter 290/294 - loss 0.81376605
2019-06-18 16:05:58,489 ----------------------------------------------------------------------------------------------------
2019-06-18 16:05:58,491 EPOCH 15 done: loss 0.8120 - lr 0.1000 - bad epochs 1
2019-06-18 16:06:12,893 DEV : loss 0.5856635570526123 - score 0.6538
2019-06-18 16:06:57,423 TEST : loss 0.7504301071166992 - score 0.625
2019-06-18 16:06:57,431 ----------------------------------------------------------------------------------------------------
2019-06-18 16:06:58,635 epoch 16 - iter 0/294 - loss 0.90624446
2019-06-18 16:07:19,387 epoch 16 - iter 29/294 - loss 0.93418467
2019-06-18 16:07:39,588 epoch 16 - iter 58/294 - loss 0.81597278
2019-06-18 16:08:03,010 epoch 16 - iter 87/294 - loss 0.79213677
2019-06-18 16:08:23,873 epoch 16 - iter 116/294 - loss 0.80418270
2019-06-18 16:08:46,349 epoch 16 - iter 145/294 - loss 0.79669752
2019-06-18 16:09:10,181 epoch 16 - iter 174/294 - loss 0.78745175
2019-06-18 16:09:31,017 epoch 16 - iter 203/294 - loss 0.79788544
2019-06-18 16:09:55,188 epoch 16 - iter 232/294 - loss 0.78873434
2019-06-18 16:10:21,836 epoch 16 - iter 261/294 - loss 0.80523310
2019-06-18 16:10:43,698 epoch 16 - iter 290/294 - loss 0.81364169
2019-06-18 16:10:46,239 ----------------------------------------------------------------------------------------------------
2019-06-18 16:10:46,241 EPOCH 16 done: loss 0.8118 - lr 0.1000 - bad epochs 2
2019-06-18 16:11:03,018 DEV : loss 0.5924140214920044 - score 0.662
2019-06-18 16:11:45,393 TEST : loss 0.7390733361244202 - score 0.6272
2019-06-18 16:11:45,401 ----------------------------------------------------------------------------------------------------
2019-06-18 16:11:46,645 epoch 17 - iter 0/294 - loss 0.35331905
2019-06-18 16:12:07,807 epoch 17 - iter 29/294 - loss 0.70638582
2019-06-18 16:12:35,971 epoch 17 - iter 58/294 - loss 0.69809725
2019-06-18 16:12:58,313 epoch 17 - iter 87/294 - loss 0.70592732
2019-06-18 16:13:19,527 epoch 17 - iter 116/294 - loss 0.73393323
2019-06-18 16:13:42,563 epoch 17 - iter 145/294 - loss 0.75965305
2019-06-18 16:14:06,245 epoch 17 - iter 174/294 - loss 0.78731203
2019-06-18 16:14:28,956 epoch 17 - iter 203/294 - loss 0.79064130
2019-06-18 16:14:52,032 epoch 17 - iter 232/294 - loss 0.78199034
2019-06-18 16:15:13,517 epoch 17 - iter 261/294 - loss 0.78897959
2019-06-18 16:15:33,428 epoch 17 - iter 290/294 - loss 0.78463168
2019-06-18 16:15:36,154 ----------------------------------------------------------------------------------------------------
2019-06-18 16:15:36,159 EPOCH 17 done: loss 0.7838 - lr 0.1000 - bad epochs 3
2019-06-18 16:15:53,567 DEV : loss 0.5816633105278015 - score 0.6784
2019-06-18 16:16:36,528 TEST : loss 0.7654299736022949 - score 0.6185
2019-06-18 16:16:41,254 ----------------------------------------------------------------------------------------------------
2019-06-18 16:16:42,810 epoch 18 - iter 0/294 - loss 1.11217785
2019-06-18 16:17:07,076 epoch 18 - iter 29/294 - loss 0.76729667
2019-06-18 16:17:29,894 epoch 18 - iter 58/294 - loss 0.80939388
2019-06-18 16:17:50,645 epoch 18 - iter 87/294 - loss 0.73398803
2019-06-18 16:18:12,906 epoch 18 - iter 116/294 - loss 0.72882413
2019-06-18 16:18:33,256 epoch 18 - iter 145/294 - loss 0.71716237
2019-06-18 16:18:54,716 epoch 18 - iter 174/294 - loss 0.73945341
2019-06-18 16:19:17,505 epoch 18 - iter 203/294 - loss 0.74529636
2019-06-18 16:19:39,586 epoch 18 - iter 232/294 - loss 0.73547205
2019-06-18 16:20:05,264 epoch 18 - iter 261/294 - loss 0.75322968
2019-06-18 16:20:30,847 epoch 18 - iter 290/294 - loss 0.75826204
2019-06-18 16:20:33,646 ----------------------------------------------------------------------------------------------------
2019-06-18 16:20:33,648 EPOCH 18 done: loss 0.7604 - lr 0.1000 - bad epochs 0
2019-06-18 16:20:48,206 DEV : loss 0.5746318697929382 - score 0.6643
2019-06-18 16:21:31,375 TEST : loss 0.7423108220100403 - score 0.6327
2019-06-18 16:21:31,384 ----------------------------------------------------------------------------------------------------
2019-06-18 16:21:32,686 epoch 19 - iter 0/294 - loss 1.01405942
2019-06-18 16:21:57,820 epoch 19 - iter 29/294 - loss 0.69847720
2019-06-18 16:22:22,683 epoch 19 - iter 58/294 - loss 0.69805587
2019-06-18 16:22:42,867 epoch 19 - iter 87/294 - loss 0.70783299
2019-06-18 16:23:06,178 epoch 19 - iter 116/294 - loss 0.72616100
2019-06-18 16:23:29,504 epoch 19 - iter 145/294 - loss 0.74890071
2019-06-18 16:23:50,012 epoch 19 - iter 174/294 - loss 0.76038883
2019-06-18 16:24:13,571 epoch 19 - iter 203/294 - loss 0.75087318
2019-06-18 16:24:35,409 epoch 19 - iter 232/294 - loss 0.75521538
2019-06-18 16:24:59,842 epoch 19 - iter 261/294 - loss 0.75763916
2019-06-18 16:25:22,725 epoch 19 - iter 290/294 - loss 0.75427701
2019-06-18 16:25:25,523 ----------------------------------------------------------------------------------------------------
2019-06-18 16:25:25,525 EPOCH 19 done: loss 0.7560 - lr 0.1000 - bad epochs 1
2019-06-18 16:25:40,492 DEV : loss 0.5916303396224976 - score 0.6881
2019-06-18 16:26:24,515 TEST : loss 0.720554769039154 - score 0.609
2019-06-18 16:26:28,356 ----------------------------------------------------------------------------------------------------
2019-06-18 16:26:29,740 epoch 20 - iter 0/294 - loss 0.25758561
2019-06-18 16:26:52,802 epoch 20 - iter 29/294 - loss 0.61651600
2019-06-18 16:27:14,528 epoch 20 - iter 58/294 - loss 0.64881588
2019-06-18 16:27:35,925 epoch 20 - iter 87/294 - loss 0.68767141
2019-06-18 16:28:00,998 epoch 20 - iter 116/294 - loss 0.70564784
2019-06-18 16:28:23,057 epoch 20 - iter 145/294 - loss 0.73569234
2019-06-18 16:28:44,801 epoch 20 - iter 174/294 - loss 0.73161024
2019-06-18 16:29:11,760 epoch 20 - iter 203/294 - loss 0.75897663
2019-06-18 16:29:35,781 epoch 20 - iter 232/294 - loss 0.77187763
2019-06-18 16:29:57,685 epoch 20 - iter 261/294 - loss 0.75366855
2019-06-18 16:30:20,562 epoch 20 - iter 290/294 - loss 0.75553356
2019-06-18 16:30:22,929 ----------------------------------------------------------------------------------------------------
2019-06-18 16:30:22,932 EPOCH 20 done: loss 0.7577 - lr 0.1000 - bad epochs 0
2019-06-18 16:30:37,805 DEV : loss 0.5583352446556091 - score 0.6966
2019-06-18 16:31:23,125 TEST : loss 0.6955105066299438 - score 0.6223
2019-06-18 16:31:30,552 ----------------------------------------------------------------------------------------------------
2019-06-18 16:31:30,558 Testing using best model ...
2019-06-18 16:31:30,562 loading file resources/taggers/resume-WEglove-CE/best-model.pt
2019-06-18 16:32:15,030 0.6678	0.5826	0.6223
2019-06-18 16:32:15,032 
MICRO_AVG: acc 0.4517 - f1-score 0.6223
MACRO_AVG: acc 0.5057 - f1-score 0.6270777777777777
-          tp: 18 - fp: 20 - fn: 458 - tn: 18 - precision: 0.4737 - recall: 0.0378 - accuracy: 0.0363 - f1-score: 0.0700
Degree     tp: 103 - fp: 75 - fn: 38 - tn: 103 - precision: 0.5787 - recall: 0.7305 - accuracy: 0.4769 - f1-score: 0.6458
Designation tp: 299 - fp: 206 - fn: 132 - tn: 299 - precision: 0.5921 - recall: 0.6937 - accuracy: 0.4694 - f1-score: 0.6389
L-Degree   tp: 99 - fp: 65 - fn: 38 - tn: 99 - precision: 0.6037 - recall: 0.7226 - accuracy: 0.4901 - f1-score: 0.6578
L-Designation tp: 313 - fp: 174 - fn: 99 - tn: 313 - precision: 0.6427 - recall: 0.7597 - accuracy: 0.5341 - f1-score: 0.6963
L-Name     tp: 140 - fp: 4 - fn: 6 - tn: 140 - precision: 0.9722 - recall: 0.9589 - accuracy: 0.9333 - f1-score: 0.9655
Name       tp: 139 - fp: 6 - fn: 7 - tn: 139 - precision: 0.9586 - recall: 0.9521 - accuracy: 0.9145 - f1-score: 0.9553
U-Degree   tp: 38 - fp: 18 - fn: 27 - tn: 38 - precision: 0.6786 - recall: 0.5846 - accuracy: 0.4578 - f1-score: 0.6281
U-Designation tp: 11 - fp: 9 - fn: 26 - tn: 11 - precision: 0.5500 - recall: 0.2973 - accuracy: 0.2391 - f1-score: 0.3860
2019-06-18 16:32:15,040 ----------------------------------------------------------------------------------------------------
